<?xml version="1.0" encoding="UTF-8"?>
<!-- Generated by org.testng.reporters.JUnitReportReporter -->
<testsuite hostname="agasa" failures="0" tests="50" name="Runner.TestRunner" time="268.455" errors="0" timestamp="2023-05-12T15:18:06 EDT" skipped="0">
  <testcase classname="Runner.TestRunner" name="runScenario" time="5.391"/>
  <system-out/>
  <testcase classname="Runner.TestRunner" name="runScenario" time="2.238"/>
  <system-out/>
  <testcase classname="Runner.TestRunner" name="runScenario" time="6.408"/>
  <system-out/>
  <testcase classname="Runner.TestRunner" name="runScenario" time="7.611"/>
  <system-out/>
  <testcase classname="Runner.TestRunner" name="runScenario" time="0.738"/>
  <system-out/>
  <testcase classname="Runner.TestRunner" name="runScenario" time="0.246"/>
  <system-out/>
  <testcase classname="Runner.TestRunner" name="runScenario" time="11.115"/>
  <system-out/>
  <testcase classname="Runner.TestRunner" name="runScenario" time="0.022"/>
  <system-out/>
  <testcase classname="Runner.TestRunner" name="runScenario" time="9.534"/>
  <system-out/>
  <testcase classname="Runner.TestRunner" name="runScenario" time="7.531"/>
  <system-out/>
  <testcase classname="Runner.TestRunner" name="runScenario" time="5.089"/>
  <system-out/>
  <testcase classname="Runner.TestRunner" name="runScenario" time="5.093"/>
  <system-out/>
  <testcase classname="Runner.TestRunner" name="runScenario" time="7.315"/>
  <system-out/>
  <testcase classname="Runner.TestRunner" name="runScenario" time="1.923"/>
  <system-out/>
  <testcase classname="Runner.TestRunner" name="runScenario" time="5.077"/>
  <system-out/>
  <testcase classname="Runner.TestRunner" name="runScenario" time="3.462"/>
  <system-out/>
  <testcase classname="Runner.TestRunner" name="runScenario" time="0.195"/>
  <system-out/>
  <testcase classname="Runner.TestRunner" name="runScenario" time="6.696"/>
  <system-out/>
  <testcase classname="Runner.TestRunner" name="runScenario" time="5.603"/>
  <system-out/>
  <testcase classname="Runner.TestRunner" name="runScenario" time="5.393"/>
  <system-out/>
  <testcase classname="Runner.TestRunner" name="runScenario" time="7.727"/>
  <system-out/>
  <testcase classname="Runner.TestRunner" name="runScenario" time="6.603"/>
  <system-out/>
  <testcase classname="Runner.TestRunner" name="runScenario" time="8.589"/>
  <system-out/>
  <testcase classname="Runner.TestRunner" name="runScenario" time="6.573"/>
  <system-out/>
  <testcase classname="Runner.TestRunner" name="runScenario" time="8.594"/>
  <system-out/>
  <testcase classname="Runner.TestRunner" name="runScenario" time="0.021"/>
  <system-out/>
  <testcase classname="Runner.TestRunner" name="runScenario" time="5.121"/>
  <system-out/>
  <testcase classname="Runner.TestRunner" name="runScenario" time="1.751"/>
  <system-out/>
  <testcase classname="Runner.TestRunner" name="runScenario" time="6.635"/>
  <system-out/>
  <testcase classname="Runner.TestRunner" name="runScenario" time="1.908"/>
  <system-out/>
  <testcase classname="Runner.TestRunner" name="runScenario" time="5.641"/>
  <system-out/>
  <testcase classname="Runner.TestRunner" name="runScenario" time="6.692"/>
  <system-out/>
  <testcase classname="Runner.TestRunner" name="runScenario" time="5.591"/>
  <system-out/>
  <testcase classname="Runner.TestRunner" name="runScenario" time="5.612"/>
  <system-out/>
  <testcase classname="Runner.TestRunner" name="runScenario" time="6.629"/>
  <system-out/>
  <testcase classname="Runner.TestRunner" name="runScenario" time="1.847"/>
  <system-out/>
  <testcase classname="Runner.TestRunner" name="runScenario" time="8.727"/>
  <system-out/>
  <testcase classname="Runner.TestRunner" name="runScenario" time="4.540"/>
  <system-out/>
  <testcase classname="Runner.TestRunner" name="runScenario" time="0.024"/>
  <system-out/>
  <testcase classname="Runner.TestRunner" name="runScenario" time="10.761"/>
  <system-out/>
  <testcase classname="Runner.TestRunner" name="runScenario" time="8.601"/>
  <system-out/>
  <testcase classname="Runner.TestRunner" name="runScenario" time="5.598"/>
  <system-out/>
  <testcase classname="Runner.TestRunner" name="runScenario" time="5.101"/>
  <system-out/>
  <testcase classname="Runner.TestRunner" name="runScenario" time="5.142"/>
  <system-out/>
  <testcase classname="Runner.TestRunner" name="runScenario" time="7.819"/>
  <system-out/>
  <testcase classname="Runner.TestRunner" name="runScenario" time="8.592"/>
  <system-out/>
  <testcase classname="Runner.TestRunner" name="runScenario" time="5.113"/>
  <system-out/>
  <testcase classname="Runner.TestRunner" name="runScenario" time="8.510"/>
  <system-out/>
  <testcase classname="Runner.TestRunner" name="runScenario" time="5.500"/>
  <system-out/>
  <testcase classname="Runner.TestRunner" name="runScenario" time="2.213"/>
  <system-out/>
</testsuite> <!-- Runner.TestRunner -->
